<?xml version="1.0" encoding="UTF-8"?>
<testng-results ignored="0" total="1" passed="1" failed="0" skipped="0">
  <reporter-output>
  </reporter-output>
  <suite started-at="2025-05-03T21:39:19 IST" name="Default suite" finished-at="2025-05-03T21:39:21 IST" duration-ms="1853">
    <groups>
    </groups>
    <test started-at="2025-05-03T21:39:19 IST" name="Default test" finished-at="2025-05-03T21:39:21 IST" duration-ms="1853">
      <class name="com.sample.PostTest">
        <test-method signature="testLargePostPayload()[pri:0, instance:com.sample.PostTest@4135c3b]" started-at="2025-05-03T21:39:19 IST" name="testLargePostPayload" finished-at="2025-05-03T21:39:21 IST" duration-ms="1833" status="PASS">
          <reporter-output>
          </reporter-output>
        </test-method> <!-- testLargePostPayload -->
      </class> <!-- com.sample.PostTest -->
    </test> <!-- Default test -->
  </suite> <!-- Default suite -->
</testng-results>
